
SQL*Loader: Release 19.0.0.0.0 - Production on Fri Apr 22 15:36:52 2022
Version 19.3.0.0.0

Copyright (c) 1982, 2019, Oracle and/or its affiliates.  All rights reserved.

Control File:   /media/sf_fold/imp_przed.ctl
Data File:      przed.csv
  Bad File:     /media/sf_fold/przed.bad
  Discard File:  none specified
 
 (Allow all discards)

Number to load: ALL
Number to skip: 0
Errors allowed: 50
Bind array:     250 rows, maximum of 1048576 bytes
Continuation:    none specified
Path used:      Conventional

Table PRZEDMIOT, loaded from every logical record.
Insert option in effect for this table: REPLACE

   Column Name                  Position   Len  Term Encl Datatype
------------------------------ ---------- ----- ---- ---- ---------------------
ID_PRZED                            FIRST     *   ,       CHARACTER            
NAZWA                                NEXT     *   ,       CHARACTER            
TYP                                  NEXT     *   ,       CHARACTER            

Record 1: Rejected - Error on table PRZEDMIOT, column ID_PRZED.
ORA-01722: invalid number


Table PRZEDMIOT:
  10 Rows successfully loaded.
  1 Row not loaded due to data errors.
  0 Rows not loaded because all WHEN clauses were failed.
  0 Rows not loaded because all fields were null.


Space allocated for bind array:                 193500 bytes(250 rows)
Read   buffer bytes: 1048576

Total logical records skipped:          0
Total logical records read:            11
Total logical records rejected:         1
Total logical records discarded:        0

Run began on Fri Apr 22 15:36:52 2022
Run ended on Fri Apr 22 15:36:52 2022

Elapsed time was:     00:00:00.16
CPU time was:         00:00:00.02
