
SQL*Loader: Release 19.0.0.0.0 - Production on Fri Apr 22 15:36:54 2022
Version 19.3.0.0.0

Copyright (c) 1982, 2019, Oracle and/or its affiliates.  All rights reserved.

Control File:   /media/sf_fold/imp_wykladowca.ctl
Data File:      wykladowca.csv
  Bad File:     /media/sf_fold/wykladowca.bad
  Discard File:  none specified
 
 (Allow all discards)

Number to load: ALL
Number to skip: 0
Errors allowed: 50
Bind array:     250 rows, maximum of 1048576 bytes
Continuation:    none specified
Path used:      Conventional

Table WYKLADOWCA, loaded from every logical record.
Insert option in effect for this table: APPEND

   Column Name                  Position   Len  Term Encl Datatype
------------------------------ ---------- ----- ---- ---- ---------------------
NR_WYKL                             FIRST     *   ,       CHARACTER            
NAZWISKO                             NEXT     *   ,       CHARACTER            
IMIE                                 NEXT     *   ,       CHARACTER            
STOPIEN                              NEXT     *   ,       CHARACTER            

Record 1: Rejected - Error on table WYKLADOWCA, column NR_WYKL.
ORA-01722: invalid number

Record 7: Rejected - Error on table WYKLADOWCA, column NAZWISKO.
ORA-12899: value too large for column "BD2_LAB"."WYKLADOWCA"."NAZWISKO" (actual: 19, maximum: 15)


Table WYKLADOWCA:
  9 Rows successfully loaded.
  2 Rows not loaded due to data errors.
  0 Rows not loaded because all WHEN clauses were failed.
  0 Rows not loaded because all fields were null.


Space allocated for bind array:                 258000 bytes(250 rows)
Read   buffer bytes: 1048576

Total logical records skipped:          0
Total logical records read:            11
Total logical records rejected:         2
Total logical records discarded:        0

Run began on Fri Apr 22 15:36:54 2022
Run ended on Fri Apr 22 15:36:54 2022

Elapsed time was:     00:00:00.15
CPU time was:         00:00:00.02
