
SQL*Loader: Release 19.0.0.0.0 - Production on Fri Apr 22 15:36:55 2022
Version 19.3.0.0.0

Copyright (c) 1982, 2019, Oracle and/or its affiliates.  All rights reserved.

Control File:   /media/sf_fold/imp_zaliczenie.ctl
Data File:      zaliczenia.csv
  Bad File:     /media/sf_fold/zaliczenia.bad
  Discard File:  none specified
 
 (Allow all discards)

Number to load: ALL
Number to skip: 0
Errors allowed: 50
Bind array:     250 rows, maximum of 1048576 bytes
Continuation:    none specified
Path used:      Conventional

Table ZALICZENIE, loaded from every logical record.
Insert option in effect for this table: APPEND

   Column Name                  Position   Len  Term Encl Datatype
------------------------------ ---------- ----- ---- ---- ---------------------
ID_ZALICZENIE                       FIRST     *   ,       CHARACTER            
ID_PRZED                             NEXT     *   ,       CHARACTER            
NR_ALBUMU                            NEXT     *   ,       CHARACTER            
NR_WYKL                              NEXT     *   ,       CHARACTER            
OCENA                                NEXT     *   ,       CHARACTER            
TERMIN                               NEXT     *   ,       CHARACTER            
DATA_ZALICZENIA                      NEXT     *   ,       CHARACTER            

Record 1: Rejected - Error on table ZALICZENIE, column ID_ZALICZENIE.
ORA-01722: invalid number

Record 2: Rejected - Error on table ZALICZENIE, column DATA_ZALICZENIA.
ORA-01843: not a valid month

Record 3: Rejected - Error on table ZALICZENIE, column DATA_ZALICZENIA.
ORA-01843: not a valid month

Record 4: Rejected - Error on table ZALICZENIE, column DATA_ZALICZENIA.
ORA-01843: not a valid month

Record 5: Rejected - Error on table ZALICZENIE, column DATA_ZALICZENIA.
ORA-01843: not a valid month

Record 6: Rejected - Error on table ZALICZENIE, column DATA_ZALICZENIA.
ORA-01843: not a valid month

Record 7: Rejected - Error on table ZALICZENIE, column DATA_ZALICZENIA.
ORA-01843: not a valid month

Record 8: Rejected - Error on table ZALICZENIE, column DATA_ZALICZENIA.
ORA-01843: not a valid month

Record 9: Rejected - Error on table ZALICZENIE, column DATA_ZALICZENIA.
ORA-01843: not a valid month

Record 10: Rejected - Error on table ZALICZENIE, column DATA_ZALICZENIA.
ORA-01843: not a valid month

Record 11: Rejected - Error on table ZALICZENIE, column DATA_ZALICZENIA.
ORA-01843: not a valid month

Record 12: Rejected - Error on table ZALICZENIE, column DATA_ZALICZENIA.
ORA-01843: not a valid month

Record 13: Rejected - Error on table ZALICZENIE, column DATA_ZALICZENIA.
ORA-01843: not a valid month

Record 14: Rejected - Error on table ZALICZENIE, column DATA_ZALICZENIA.
ORA-01843: not a valid month

Record 15: Rejected - Error on table ZALICZENIE, column DATA_ZALICZENIA.
ORA-01843: not a valid month

Record 16: Rejected - Error on table ZALICZENIE, column DATA_ZALICZENIA.
ORA-01843: not a valid month

Record 17: Rejected - Error on table ZALICZENIE, column DATA_ZALICZENIA.
ORA-01843: not a valid month

Record 18: Rejected - Error on table ZALICZENIE, column DATA_ZALICZENIA.
ORA-01843: not a valid month

Record 19: Rejected - Error on table ZALICZENIE, column DATA_ZALICZENIA.
ORA-01843: not a valid month

Record 20: Rejected - Error on table ZALICZENIE, column DATA_ZALICZENIA.
ORA-01843: not a valid month

Record 21: Rejected - Error on table ZALICZENIE, column DATA_ZALICZENIA.
ORA-01843: not a valid month

Record 22: Rejected - Error on table ZALICZENIE, column DATA_ZALICZENIA.
ORA-01843: not a valid month

Record 23: Rejected - Error on table ZALICZENIE, column DATA_ZALICZENIA.
ORA-01843: not a valid month

Record 24: Rejected - Error on table ZALICZENIE, column DATA_ZALICZENIA.
ORA-01843: not a valid month

Record 25: Rejected - Error on table ZALICZENIE, column DATA_ZALICZENIA.
ORA-01843: not a valid month

Record 26: Rejected - Error on table ZALICZENIE, column DATA_ZALICZENIA.
ORA-01843: not a valid month

Record 27: Rejected - Error on table ZALICZENIE, column DATA_ZALICZENIA.
ORA-01843: not a valid month

Record 28: Rejected - Error on table ZALICZENIE, column DATA_ZALICZENIA.
ORA-01843: not a valid month

Record 29: Rejected - Error on table ZALICZENIE, column DATA_ZALICZENIA.
ORA-01843: not a valid month

Record 30: Rejected - Error on table ZALICZENIE, column DATA_ZALICZENIA.
ORA-01843: not a valid month

Record 31: Rejected - Error on table ZALICZENIE, column DATA_ZALICZENIA.
ORA-01843: not a valid month

Record 32: Rejected - Error on table ZALICZENIE, column DATA_ZALICZENIA.
ORA-01843: not a valid month

Record 33: Rejected - Error on table ZALICZENIE, column DATA_ZALICZENIA.
ORA-01843: not a valid month

Record 34: Rejected - Error on table ZALICZENIE, column DATA_ZALICZENIA.
ORA-01843: not a valid month

Record 35: Rejected - Error on table ZALICZENIE, column DATA_ZALICZENIA.
ORA-01843: not a valid month

Record 36: Rejected - Error on table ZALICZENIE, column DATA_ZALICZENIA.
ORA-01843: not a valid month

Record 37: Rejected - Error on table ZALICZENIE, column DATA_ZALICZENIA.
ORA-01843: not a valid month

Record 38: Rejected - Error on table ZALICZENIE, column DATA_ZALICZENIA.
ORA-01843: not a valid month

Record 39: Rejected - Error on table ZALICZENIE, column DATA_ZALICZENIA.
ORA-01843: not a valid month

Record 40: Rejected - Error on table ZALICZENIE, column DATA_ZALICZENIA.
ORA-01843: not a valid month

Record 41: Rejected - Error on table ZALICZENIE, column DATA_ZALICZENIA.
ORA-01843: not a valid month

Record 42: Rejected - Error on table ZALICZENIE, column DATA_ZALICZENIA.
ORA-01843: not a valid month

Record 43: Rejected - Error on table ZALICZENIE, column DATA_ZALICZENIA.
ORA-01843: not a valid month

Record 44: Rejected - Error on table ZALICZENIE, column DATA_ZALICZENIA.
ORA-01843: not a valid month

Record 45: Rejected - Error on table ZALICZENIE, column DATA_ZALICZENIA.
ORA-01843: not a valid month

Record 46: Rejected - Error on table ZALICZENIE, column DATA_ZALICZENIA.
ORA-01843: not a valid month

Record 47: Rejected - Error on table ZALICZENIE, column DATA_ZALICZENIA.
ORA-01843: not a valid month

Record 48: Rejected - Error on table ZALICZENIE, column DATA_ZALICZENIA.
ORA-01843: not a valid month

Record 49: Rejected - Error on table ZALICZENIE, column DATA_ZALICZENIA.
ORA-01843: not a valid month

Record 50: Rejected - Error on table ZALICZENIE, column DATA_ZALICZENIA.
ORA-01843: not a valid month

Record 51: Rejected - Error on table ZALICZENIE, column DATA_ZALICZENIA.
ORA-01843: not a valid month


MAXIMUM ERROR COUNT EXCEEDED - Above statistics reflect partial run.

Table ZALICZENIE:
  0 Rows successfully loaded.
  51 Rows not loaded due to data errors.
  0 Rows not loaded because all WHEN clauses were failed.
  0 Rows not loaded because all fields were null.


Space allocated for bind array:                 451500 bytes(250 rows)
Read   buffer bytes: 1048576

Total logical records skipped:          0
Total logical records read:           250
Total logical records rejected:        51
Total logical records discarded:        0

Run began on Fri Apr 22 15:36:55 2022
Run ended on Fri Apr 22 15:36:55 2022

Elapsed time was:     00:00:00.18
CPU time was:         00:00:00.02
